CRITICAL - 2022-04-28 07:27:42 --> Invalid file: test.php
#0 /Users/madesukmayasa/Downloads/codeigniter4-CodeIgniter4-202f41a/codeigniter4-CodeIgniter4-202f41a/system/View/View.php(198): CodeIgniter\Exceptions\FrameworkException::forInvalidFile('test.php')
#1 /Users/madesukmayasa/Downloads/codeigniter4-CodeIgniter4-202f41a/codeigniter4-CodeIgniter4-202f41a/system/Common.php(1089): CodeIgniter\View\View->render('test', Array, true)
#2 /Users/madesukmayasa/Downloads/codeigniter4-CodeIgniter4-202f41a/codeigniter4-CodeIgniter4-202f41a/app/Controllers/Home.php(9): view('test')
#3 /Users/madesukmayasa/Downloads/codeigniter4-CodeIgniter4-202f41a/codeigniter4-CodeIgniter4-202f41a/system/CodeIgniter.php(832): App\Controllers\Home->index()
#4 /Users/madesukmayasa/Downloads/codeigniter4-CodeIgniter4-202f41a/codeigniter4-CodeIgniter4-202f41a/system/CodeIgniter.php(419): CodeIgniter\CodeIgniter->runController(Object(App\Controllers\Home))
#5 /Users/madesukmayasa/Downloads/codeigniter4-CodeIgniter4-202f41a/codeigniter4-CodeIgniter4-202f41a/system/CodeIgniter.php(326): CodeIgniter\CodeIgniter->handleRequest(NULL, Object(Config\Cache), false)
#6 /Users/madesukmayasa/Downloads/codeigniter4-CodeIgniter4-202f41a/codeigniter4-CodeIgniter4-202f41a/public/index.php(37): CodeIgniter\CodeIgniter->run()
#7 /Users/madesukmayasa/Downloads/codeigniter4-CodeIgniter4-202f41a/codeigniter4-CodeIgniter4-202f41a/system/Commands/Server/rewrite.php(43): require_once('/Users/madesukm...')
#8 {main}
CRITICAL - 2022-04-28 07:28:10 --> Invalid file: test.php
#0 /Users/madesukmayasa/Downloads/codeigniter4-CodeIgniter4-202f41a/codeigniter4-CodeIgniter4-202f41a/system/View/View.php(198): CodeIgniter\Exceptions\FrameworkException::forInvalidFile('test.php')
#1 /Users/madesukmayasa/Downloads/codeigniter4-CodeIgniter4-202f41a/codeigniter4-CodeIgniter4-202f41a/system/Common.php(1089): CodeIgniter\View\View->render('test', Array, true)
#2 /Users/madesukmayasa/Downloads/codeigniter4-CodeIgniter4-202f41a/codeigniter4-CodeIgniter4-202f41a/app/Controllers/Home.php(9): view('test')
#3 /Users/madesukmayasa/Downloads/codeigniter4-CodeIgniter4-202f41a/codeigniter4-CodeIgniter4-202f41a/system/CodeIgniter.php(832): App\Controllers\Home->index()
#4 /Users/madesukmayasa/Downloads/codeigniter4-CodeIgniter4-202f41a/codeigniter4-CodeIgniter4-202f41a/system/CodeIgniter.php(419): CodeIgniter\CodeIgniter->runController(Object(App\Controllers\Home))
#5 /Users/madesukmayasa/Downloads/codeigniter4-CodeIgniter4-202f41a/codeigniter4-CodeIgniter4-202f41a/system/CodeIgniter.php(326): CodeIgniter\CodeIgniter->handleRequest(NULL, Object(Config\Cache), false)
#6 /Users/madesukmayasa/Downloads/codeigniter4-CodeIgniter4-202f41a/codeigniter4-CodeIgniter4-202f41a/public/index.php(37): CodeIgniter\CodeIgniter->run()
#7 /Users/madesukmayasa/Downloads/codeigniter4-CodeIgniter4-202f41a/codeigniter4-CodeIgniter4-202f41a/system/Commands/Server/rewrite.php(43): require_once('/Users/madesukm...')
#8 {main}
CRITICAL - 2022-04-28 07:28:14 --> Invalid file: test.php
#0 /Users/madesukmayasa/Downloads/codeigniter4-CodeIgniter4-202f41a/codeigniter4-CodeIgniter4-202f41a/system/View/View.php(198): CodeIgniter\Exceptions\FrameworkException::forInvalidFile('test.php')
#1 /Users/madesukmayasa/Downloads/codeigniter4-CodeIgniter4-202f41a/codeigniter4-CodeIgniter4-202f41a/system/Common.php(1089): CodeIgniter\View\View->render('test', Array, true)
#2 /Users/madesukmayasa/Downloads/codeigniter4-CodeIgniter4-202f41a/codeigniter4-CodeIgniter4-202f41a/app/Controllers/Home.php(9): view('test')
#3 /Users/madesukmayasa/Downloads/codeigniter4-CodeIgniter4-202f41a/codeigniter4-CodeIgniter4-202f41a/system/CodeIgniter.php(832): App\Controllers\Home->index()
#4 /Users/madesukmayasa/Downloads/codeigniter4-CodeIgniter4-202f41a/codeigniter4-CodeIgniter4-202f41a/system/CodeIgniter.php(419): CodeIgniter\CodeIgniter->runController(Object(App\Controllers\Home))
#5 /Users/madesukmayasa/Downloads/codeigniter4-CodeIgniter4-202f41a/codeigniter4-CodeIgniter4-202f41a/system/CodeIgniter.php(326): CodeIgniter\CodeIgniter->handleRequest(NULL, Object(Config\Cache), false)
#6 /Users/madesukmayasa/Downloads/codeigniter4-CodeIgniter4-202f41a/codeigniter4-CodeIgniter4-202f41a/public/index.php(37): CodeIgniter\CodeIgniter->run()
#7 /Users/madesukmayasa/Downloads/codeigniter4-CodeIgniter4-202f41a/codeigniter4-CodeIgniter4-202f41a/system/Commands/Server/rewrite.php(43): require_once('/Users/madesukm...')
#8 {main}
